2025-12-16 16:01:51,936 - INFO - ==================================================
2025-12-16 16:01:51,937 - INFO - INICIANDO PROCESO DE SCRAPING PARALELO
2025-12-16 16:01:51,937 - INFO - ==================================================
2025-12-16 16:01:51,937 - INFO - 10 páginas serán procesadas en paralelo.
2025-12-16 16:01:51,940 - INFO - Iniciando scraping de: http://quotes.toscrape.com/page/1/
2025-12-16 16:01:51,946 - INFO - Iniciando scraping de: http://quotes.toscrape.com/page/2/
2025-12-16 16:01:51,952 - INFO - Iniciando scraping de: http://quotes.toscrape.com/page/3/
2025-12-16 16:01:51,953 - INFO - Iniciando scraping de: http://quotes.toscrape.com/page/4/
2025-12-16 16:01:51,958 - INFO - Iniciando scraping de: http://quotes.toscrape.com/page/5/
2025-12-16 16:01:51,959 - INFO - Iniciando scraping de: http://quotes.toscrape.com/page/6/
2025-12-16 16:01:51,960 - INFO - Iniciando scraping de: http://quotes.toscrape.com/page/7/
2025-12-16 16:01:51,972 - INFO - Iniciando scraping de: http://quotes.toscrape.com/page/8/
2025-12-16 16:01:51,974 - INFO - Iniciando scraping de: http://quotes.toscrape.com/page/9/
2025-12-16 16:01:51,983 - INFO - Iniciando scraping de: http://quotes.toscrape.com/page/10/
2025-12-16 16:01:52,184 - INFO - Finalizado scraping de: http://quotes.toscrape.com/page/1/. Citas encontradas: 10
2025-12-16 16:01:52,213 - INFO - Finalizado scraping de: http://quotes.toscrape.com/page/7/. Citas encontradas: 10
2025-12-16 16:01:52,240 - INFO - Finalizado scraping de: http://quotes.toscrape.com/page/9/. Citas encontradas: 10
2025-12-16 16:01:52,274 - INFO - Finalizado scraping de: http://quotes.toscrape.com/page/3/. Citas encontradas: 10
2025-12-16 16:01:52,295 - INFO - Finalizado scraping de: http://quotes.toscrape.com/page/8/. Citas encontradas: 10
2025-12-16 16:01:52,295 - INFO - Finalizado scraping de: http://quotes.toscrape.com/page/6/. Citas encontradas: 10
2025-12-16 16:01:52,317 - INFO - Finalizado scraping de: http://quotes.toscrape.com/page/5/. Citas encontradas: 10
2025-12-16 16:01:52,339 - INFO - Finalizado scraping de: http://quotes.toscrape.com/page/10/. Citas encontradas: 10
2025-12-16 16:01:52,348 - INFO - Finalizado scraping de: http://quotes.toscrape.com/page/2/. Citas encontradas: 10
2025-12-16 16:01:52,369 - INFO - Finalizado scraping de: http://quotes.toscrape.com/page/4/. Citas encontradas: 10
2025-12-16 16:01:52,375 - INFO - Scraping paralelo finalizado. Total de citas recolectadas: 100.
2025-12-16 16:01:52,375 - INFO - Guardando 100 registros en citas.xlsx.
2025-12-16 16:01:52,606 - INFO - ¡Éxito! El archivo se ha guardado correctamente.
2025-12-16 16:01:52,607 - INFO - FIN DEL PROCESO.
